<?xml version="1.0" encoding="UTF-8"?>
<!-- Generated by org.testng.reporters.JUnitReportReporter -->
<testsuite hostname="DESKTOP-CSDM7LP" failures="0" tests="2" name="com.juice.OWASPJuiceShopTesting.JuiceShopTest" time="48.461" errors="0" timestamp="2024-06-07T03:22:56 BDT" skipped="0">
  <testcase classname="com.juice.OWASPJuiceShopTesting.JuiceShopTest" name="verifySearchFunctionality" time="13.382"/>
  <system-out/>
  <testcase classname="com.juice.OWASPJuiceShopTesting.JuiceShopTest" name="browseWebsite" time="35.079"/>
  <system-out/>
</testsuite> <!-- com.juice.OWASPJuiceShopTesting.JuiceShopTest -->
